Traceback (most recent call last):
  File "/home/minwoo/dplora/server.py", line 9, in <module>
    import wandb
  File "/home/minwoo/.conda/envs/adaflora/lib/python3.11/site-packages/wandb/__init__.py", line 27, in <module>
    from wandb import sdk as wandb_sdk
  File "/home/minwoo/.conda/envs/adaflora/lib/python3.11/site-packages/wandb/sdk/__init__.py", line 28, in <module>
    from .wandb_init import _attach, init
  File "/home/minwoo/.conda/envs/adaflora/lib/python3.11/site-packages/wandb/sdk/wandb_init.py", line 32, in <module>
    from .backend.backend import Backend
  File "/home/minwoo/.conda/envs/adaflora/lib/python3.11/site-packages/wandb/sdk/backend/backend.py", line 19, in <module>
    from wandb.sdk.internal.internal import wandb_internal
  File "/home/minwoo/.conda/envs/adaflora/lib/python3.11/site-packages/wandb/sdk/internal/internal.py", line 32, in <module>
    from . import context, handler, internal_util, sender, writer
  File "/home/minwoo/.conda/envs/adaflora/lib/python3.11/site-packages/wandb/sdk/internal/sender.py", line 32, in <module>
    from wandb.filesync.dir_watcher import DirWatcher
  File "/home/minwoo/.conda/envs/adaflora/lib/python3.11/site-packages/wandb/filesync/dir_watcher.py", line 22, in <module>
    wd_polling = util.vendor_import("wandb_watchdog.observers.polling")
                 ^^^^^^^^^^^^^^^^^^^^^^^^^^^^^^^^^^^^^^^^^^^^^^^^^^^^^^
  File "/home/minwoo/.conda/envs/adaflora/lib/python3.11/site-packages/wandb/util.py", line 194, in vendor_import
    module = import_module(name)
             ^^^^^^^^^^^^^^^^^^^
  File "/home/minwoo/.conda/envs/adaflora/lib/python3.11/importlib/__init__.py", line 126, in import_module
    return _bootstrap._gcd_import(name[level:], package, level)
           ^^^^^^^^^^^^^^^^^^^^^^^^^^^^^^^^^^^^^^^^^^^^^^^^^^^^
  File "/home/minwoo/.conda/envs/adaflora/lib/python3.11/site-packages/wandb/vendor/watchdog_0_9_0/wandb_watchdog/observers/__init__.py", line 63, in <module>
    from .inotify import InotifyObserver as Observer
  File "/home/minwoo/.conda/envs/adaflora/lib/python3.11/site-packages/wandb/vendor/watchdog_0_9_0/wandb_watchdog/observers/inotify.py", line 74, in <module>
    from .inotify_buffer import InotifyBuffer
  File "/home/minwoo/.conda/envs/adaflora/lib/python3.11/site-packages/wandb/vendor/watchdog_0_9_0/wandb_watchdog/observers/inotify_buffer.py", line 20, in <module>
    from wandb_watchdog.observers.inotify_c import Inotify
  File "<frozen importlib._bootstrap>", line 1176, in _find_and_load
  File "<frozen importlib._bootstrap>", line 1147, in _find_and_load_unlocked
  File "<frozen importlib._bootstrap>", line 690, in _load_unlocked
  File "<frozen importlib._bootstrap_external>", line 936, in exec_module
  File "<frozen importlib._bootstrap_external>", line 1032, in get_code
  File "<frozen importlib._bootstrap_external>", line 1131, in get_data
KeyboardInterrupt
